# JRE version: Java(TM) SE Runtime Environment (8.0_201-b09) (build 1.8.0_201-b09)
# Java VM: Java HotSpot(TM) 64-Bit Server VM (25.201-b09 mixed mode windows-amd64 compressed oops)
Heap:
 PSYoungGen      total 140288K, used 22074K [0x00000000d5f00000, 0x00000000e3680000, 0x0000000100000000)
  eden space 128512K, 8% used [0x00000000d5f00000,0x00000000d690f768,0x00000000ddc80000)
  from space 11776K, 99% used [0x00000000dec80000,0x00000000df7ff3d8,0x00000000df800000)
  to   space 16384K, 0% used [0x00000000ddc80000,0x00000000ddc80000,0x00000000dec80000)
 ParOldGen       total 80384K, used 26298K [0x0000000081c00000, 0x0000000086a80000, 0x00000000d5f00000)
  object space 80384K, 32% used [0x0000000081c00000,0x00000000835aea68,0x0000000086a80000)
 Metaspace       used 24664K, capacity 25366K, committed 25648K, reserved 1071104K
  class space    used 2878K, capacity 3046K, committed 3120K, reserved 1048576K
GC Heap History (10 events):
Event: 2.246 GC heap before
{Heap before GC invocations=5 (full 0):
 PSYoungGen      total 71680K, used 71656K [0x00000000d5f00000, 0x00000000daa00000, 0x0000000100000000)
  eden space 66560K, 100% used [0x00000000d5f00000,0x00000000da000000,0x00000000da000000)
  from space 5120K, 99% used [0x00000000da500000,0x00000000da9fa040,0x00000000daa00000)
  to   space 5120K, 0% used [0x00000000da000000,0x00000000da000000,0x00000000da500000)
 ParOldGen       total 87552K, used 8591K [0x0000000081c00000, 0x0000000087180000, 0x00000000d5f00000)
  object space 87552K, 9% used [0x0000000081c00000,0x0000000082463c08,0x0000000087180000)
 Metaspace       used 16074K, capacity 16428K, committed 16640K, reserved 1064960K
  class space    used 1917K, capacity 2017K, committed 2048K, reserved 1048576K
Event: 2.254 GC heap after
Heap after GC invocations=5 (full 0):
 PSYoungGen      total 71680K, used 5096K [0x00000000d5f00000, 0x00000000df800000, 0x0000000100000000)
  eden space 66560K, 0% used [0x00000000d5f00000,0x00000000d5f00000,0x00000000da000000)
  from space 5120K, 99% used [0x00000000da000000,0x00000000da4fa040,0x00000000da500000)
  to   space 11776K, 0% used [0x00000000dec80000,0x00000000dec80000,0x00000000df800000)
 ParOldGen       total 87552K, used 14152K [0x0000000081c00000, 0x0000000087180000, 0x00000000d5f00000)
  object space 87552K, 16% used [0x0000000081c00000,0x00000000829d2318,0x0000000087180000)
 Metaspace       used 16074K, capacity 16428K, committed 16640K, reserved 1064960K
  class space    used 1917K, capacity 2017K, committed 2048K, reserved 1048576K
}
Event: 2.681 GC heap before
{Heap before GC invocations=6 (full 0):
 PSYoungGen      total 71680K, used 71656K [0x00000000d5f00000, 0x00000000df800000, 0x0000000100000000)
  eden space 66560K, 100% used [0x00000000d5f00000,0x00000000da000000,0x00000000da000000)
  from space 5120K, 99% used [0x00000000da000000,0x00000000da4fa040,0x00000000da500000)
  to   space 11776K, 0% used [0x00000000dec80000,0x00000000dec80000,0x00000000df800000)
 ParOldGen       total 87552K, used 14152K [0x0000000081c00000, 0x0000000087180000, 0x00000000d5f00000)
  object space 87552K, 16% used [0x0000000081c00000,0x00000000829d2318,0x0000000087180000)
 Metaspace       used 16503K, capacity 16942K, committed 17280K, reserved 1064960K
  class space    used 1937K, capacity 2054K, committed 2176K, reserved 1048576K
Event: 2.688 GC heap after
Heap after GC invocations=6 (full 0):
 PSYoungGen      total 143872K, used 10088K [0x00000000d5f00000, 0x00000000dfa00000, 0x0000000100000000)
  eden space 132096K, 0% used [0x00000000d5f00000,0x00000000d5f00000,0x00000000de000000)
  from space 11776K, 85% used [0x00000000dec80000,0x00000000df65a040,0x00000000df800000)
  to   space 12800K, 0% used [0x00000000de000000,0x00000000de000000,0x00000000dec80000)
 ParOldGen       total 87552K, used 14160K [0x0000000081c00000, 0x0000000087180000, 0x00000000d5f00000)
  object space 87552K, 16% used [0x0000000081c00000,0x00000000829d4318,0x0000000087180000)
 Metaspace       used 16503K, capacity 16942K, committed 17280K, reserved 1064960K
  class space    used 1937K, capacity 2054K, committed 2176K, reserved 1048576K
}
Event: 3.334 GC heap before
{Heap before GC invocations=7 (full 0):
 PSYoungGen      total 143872K, used 75623K [0x00000000d5f00000, 0x00000000dfa00000, 0x0000000100000000)
  eden space 132096K, 49% used [0x00000000d5f00000,0x00000000d9effd50,0x00000000de000000)
  from space 11776K, 85% used [0x00000000dec80000,0x00000000df65a040,0x00000000df800000)
  to   space 12800K, 0% used [0x00000000de000000,0x00000000de000000,0x00000000dec80000)
 ParOldGen       total 87552K, used 14160K [0x0000000081c00000, 0x0000000087180000, 0x00000000d5f00000)
  object space 87552K, 16% used [0x0000000081c00000,0x00000000829d4318,0x0000000087180000)
 Metaspace       used 20699K, capacity 21238K, committed 21296K, reserved 1069056K
  class space    used 2465K, capacity 2592K, committed 2608K, reserved 1048576K
Event: 3.344 GC heap after
Heap after GC invocations=7 (full 0):
 PSYoungGen      total 144896K, used 11929K [0x00000000d5f00000, 0x00000000dfa00000, 0x0000000100000000)
  eden space 132096K, 0% used [0x00000000d5f00000,0x00000000d5f00000,0x00000000de000000)
  from space 12800K, 93% used [0x00000000de000000,0x00000000deba6500,0x00000000dec80000)
  to   space 11776K, 0% used [0x00000000dec80000,0x00000000dec80000,0x00000000df800000)
 ParOldGen       total 87552K, used 16404K [0x0000000081c00000, 0x0000000087180000, 0x00000000d5f00000)
  object space 87552K, 18% used [0x0000000081c00000,0x0000000082c053e8,0x0000000087180000)
 Metaspace       used 20699K, capacity 21238K, committed 21296K, reserved 1069056K
  class space    used 2465K, capacity 2592K, committed 2608K, reserved 1048576K
}
Event: 3.344 GC heap before
{Heap before GC invocations=8 (full 1):
 PSYoungGen      total 144896K, used 11929K [0x00000000d5f00000, 0x00000000dfa00000, 0x0000000100000000)
  eden space 132096K, 0% used [0x00000000d5f00000,0x00000000d5f00000,0x00000000de000000)
  from space 12800K, 93% used [0x00000000de000000,0x00000000deba6500,0x00000000dec80000)
  to   space 11776K, 0% used [0x00000000dec80000,0x00000000dec80000,0x00000000df800000)
 ParOldGen       total 87552K, used 16404K [0x0000000081c00000, 0x0000000087180000, 0x00000000d5f00000)
  object space 87552K, 18% used [0x0000000081c00000,0x0000000082c053e8,0x0000000087180000)
 Metaspace       used 20699K, capacity 21238K, committed 21296K, reserved 1069056K
  class space    used 2465K, capacity 2592K, committed 2608K, reserved 1048576K
Event: 3.407 GC heap after
Heap after GC invocations=8 (full 1):
 PSYoungGen      total 144896K, used 0K [0x00000000d5f00000, 0x00000000dfa00000, 0x0000000100000000)
  eden space 132096K, 0% used [0x00000000d5f00000,0x00000000d5f00000,0x00000000de000000)
  from space 12800K, 0% used [0x00000000de000000,0x00000000de000000,0x00000000dec80000)
  to   space 11776K, 0% used [0x00000000dec80000,0x00000000dec80000,0x00000000df800000)
 ParOldGen       total 80384K, used 22279K [0x0000000081c00000, 0x0000000086a80000, 0x00000000d5f00000)
  object space 80384K, 27% used [0x0000000081c00000,0x00000000831c1d28,0x0000000086a80000)
 Metaspace       used 20699K, capacity 21238K, committed 21296K, reserved 1069056K
  class space    used 2465K, capacity 2592K, committed 2608K, reserved 1048576K
}
Event: 4.934 GC heap before
{Heap before GC invocations=9 (full 1):
 PSYoungGen      total 144896K, used 132096K [0x00000000d5f00000, 0x00000000dfa00000, 0x0000000100000000)
  eden space 132096K, 100% used [0x00000000d5f00000,0x00000000de000000,0x00000000de000000)
  from space 12800K, 0% used [0x00000000de000000,0x00000000de000000,0x00000000dec80000)
  to   space 11776K, 0% used [0x00000000dec80000,0x00000000dec80000,0x00000000df800000)
 ParOldGen       total 80384K, used 22279K [0x0000000081c00000, 0x0000000086a80000, 0x00000000d5f00000)
  object space 80384K, 27% used [0x0000000081c00000,0x00000000831c1d28,0x0000000086a80000)
 Metaspace       used 24629K, capacity 25360K, committed 25648K, reserved 1071104K
  class space    used 2874K, capacity 3045K, committed 3120K, reserved 1048576K
Event: 4.947 GC heap after
Heap after GC invocations=9 (full 1):
 PSYoungGen      total 140288K, used 11772K [0x00000000d5f00000, 0x00000000e3680000, 0x0000000100000000)
  eden space 128512K, 0% used [0x00000000d5f00000,0x00000000d5f00000,0x00000000ddc80000)
  from space 11776K, 99% used [0x00000000dec80000,0x00000000df7ff3d8,0x00000000df800000)
  to   space 16384K, 0% used [0x00000000ddc80000,0x00000000ddc80000,0x00000000dec80000)
 ParOldGen       total 80384K, used 26298K [0x0000000081c00000, 0x0000000086a80000, 0x00000000d5f00000)
  object space 80384K, 32% used [0x0000000081c00000,0x00000000835aea68,0x0000000086a80000)
 Metaspace       used 24629K, capacity 25360K, committed 25648K, reserved 1071104K
  class space    used 2874K, capacity 3045K, committed 3120K, reserved 1048576K
}

